[0.972][INFO]: COMMAND InitSession {
   "desiredCapabilities": {
      "acceptSslCerts": true,
      "applicationCacheEnabled": false,
      "browserConnectionEnabled": false,
      "browserName": "chrome",
      "chromeOptions": {
         "args": [ "disable-site-engagement-service", "disable-text-input-focus-manager", "enable-account-consistency", "enable-devtools-experiments", "enable-logging", "enable-network-information", "enable-net-benchmarking", "enable-network-portal-notification", "enable-strict-site-isolation", "incognito", "log-net-log", "scripts-require-action", "system-developer-mode", "use-mobile-user-agent", "log-level=0", "net-log-capture-mode=IncludeCookiesAndCredentials" ],
         "extensions": [  ],
         "prefs": {
            "plugins.plugins_disabled": [ "Chromoting Viewer", "Chromium PDF Viewer" ]
         }
      },
      "databaseEnabled": false,
      "javascriptEnabled": true,
      "locationContextEnabled": true,
      "platform": "ANY",
      "unexpectedAlertBehaviour": "accept",
      "version": "",
      "webStorageEnabled": false
   }
}
[0.973][INFO]: Populating Preferences file: {
   "alternate_error_pages": {
      "enabled": false
   },
   "autofill": {
      "enabled": false
   },
   "browser": {
      "check_default_browser": false
   },
   "distribution": {
      "import_bookmarks": false,
      "import_history": false,
      "import_search_engine": false,
      "make_chrome_default_for_user": false,
      "show_welcome_page": false,
      "skip_first_run_ui": true
   },
   "dns_prefetching": {
      "enabled": false
   },
   "plugins": {
      "plugins_disabled": [ "Chromoting Viewer", "Chromium PDF Viewer" ]
   },
   "profile": {
      "content_settings": {
         "pattern_pairs": {
            "https://*,*": {
               "media-stream": {
                  "audio": "Default",
                  "video": "Default"
               }
            }
         }
      },
      "default_content_settings": {
         "geolocation": 1,
         "mouselock": 1,
         "notifications": 1,
         "popups": 1,
         "ppapi-broker": 1
      },
      "password_manager_enabled": false
   },
   "safebrowsing": {
      "enabled": false
   },
   "search": {
      "suggest_enabled": false
   },
   "translate": {
      "enabled": false
   }
}
[0.973][INFO]: Populating Local State file: {
   "background_mode": {
      "enabled": false
   },
   "ssl": {
      "rev_checking": {
         "enabled": false
      }
   }
}
[0.973][INFO]: Launching chrome: /usr/lib/chromium-browser/chromium-browser --disable-background-networking --disable-client-side-phishing-detection --disable-component-update --disable-default-apps --disable-hang-monitor --disable-prompt-on-repost --disable-site-engagement-service --disable-sync --disable-text-input-focus-manager --disable-web-resources --enable-account-consistency --enable-devtools-experiments --enable-logging --enable-net-benchmarking --enable-network-information --enable-network-portal-notification --enable-strict-site-isolation --ignore-certificate-errors --incognito --load-extension=/tmp/.org.chromium.Chromium.D7jla3/internal --log-level=0 --log-net-log --metrics-recording-only --net-log-capture-mode=IncludeCookiesAndCredentials --no-first-run --password-store=basic --remote-debugging-port=12546 --safebrowsing-disable-auto-update --safebrowsing-disable-download-protection --scripts-require-action --system-developer-mode --test-type=webdriver --use-mobile-user-agent --use-mock-keychain --user-data-dir=/tmp/.org.chromium.Chromium.pXwsQg data:,
[0.974][DEBUG]: DevTools request: http://127.0.0.1:12546/json/version
[1.089][DEBUG]: DevTools request failed
[1.139][DEBUG]: DevTools request: http://127.0.0.1:12546/json/version
[1.140][DEBUG]: DevTools request failed
[1.190][DEBUG]: DevTools request: http://127.0.0.1:12546/json/version
[1.191][DEBUG]: DevTools request failed
[1.242][DEBUG]: DevTools request: http://127.0.0.1:12546/json/version
[1.243][DEBUG]: DevTools request failed
[1.293][DEBUG]: DevTools request: http://127.0.0.1:12546/json/version
[1.294][DEBUG]: DevTools request failed
[1.344][DEBUG]: DevTools request: http://127.0.0.1:12546/json/version
[1.345][DEBUG]: DevTools request failed
[1.395][DEBUG]: DevTools request: http://127.0.0.1:12546/json/version
[1.396][DEBUG]: DevTools request failed
[1.446][DEBUG]: DevTools request: http://127.0.0.1:12546/json/version
[1.447][DEBUG]: DevTools request failed
[1.498][DEBUG]: DevTools request: http://127.0.0.1:12546/json/version
[1.499][DEBUG]: DevTools request failed
[1.549][DEBUG]: DevTools request: http://127.0.0.1:12546/json/version
[1.550][DEBUG]: DevTools request failed
[1.601][DEBUG]: DevTools request: http://127.0.0.1:12546/json/version
[1.601][DEBUG]: DevTools request failed
[1.654][DEBUG]: DevTools request: http://127.0.0.1:12546/json/version
[1.655][DEBUG]: DevTools request failed
[1.706][DEBUG]: DevTools request: http://127.0.0.1:12546/json/version
[1.706][DEBUG]: DevTools request failed
[1.758][DEBUG]: DevTools request: http://127.0.0.1:12546/json/version
[1.759][DEBUG]: DevTools request failed
[1.809][DEBUG]: DevTools request: http://127.0.0.1:12546/json/version
[1.810][DEBUG]: DevTools request failed
[1.862][DEBUG]: DevTools request: http://127.0.0.1:12546/json/version
[1.863][DEBUG]: DevTools request failed
[1.914][DEBUG]: DevTools request: http://127.0.0.1:12546/json/version
[1.915][DEBUG]: DevTools request failed
[1.965][DEBUG]: DevTools request: http://127.0.0.1:12546/json/version
[1.966][DEBUG]: DevTools request failed
[2.016][DEBUG]: DevTools request: http://127.0.0.1:12546/json/version
[2.016][DEBUG]: DevTools request failed
[2.066][DEBUG]: DevTools request: http://127.0.0.1:12546/json/version
[2.067][DEBUG]: DevTools request failed
[2.117][DEBUG]: DevTools request: http://127.0.0.1:12546/json/version
[2.118][DEBUG]: DevTools request failed
[2.168][DEBUG]: DevTools request: http://127.0.0.1:12546/json/version
[2.168][DEBUG]: DevTools request failed
[19486:19486:0805/064701:ERROR:chrome_net_log.cc(44)] Could not open file  for net logging
[2.219][DEBUG]: DevTools request: http://127.0.0.1:12546/json/version
[2.219][DEBUG]: DevTools request failed
[2.269][DEBUG]: DevTools request: http://127.0.0.1:12546/json/version
[2.270][DEBUG]: DevTools request failed
[2.320][DEBUG]: DevTools request: http://127.0.0.1:12546/json/version
[2.320][DEBUG]: DevTools request failed
[2.371][DEBUG]: DevTools request: http://127.0.0.1:12546/json/version
[2.371][DEBUG]: DevTools request failed
[2.421][DEBUG]: DevTools request: http://127.0.0.1:12546/json/version
[2.422][DEBUG]: DevTools request failed
[2.474][DEBUG]: DevTools request: http://127.0.0.1:12546/json/version
[2.475][DEBUG]: DevTools request failed
[2.526][DEBUG]: DevTools request: http://127.0.0.1:12546/json/version
[2.527][DEBUG]: DevTools request failed
[2.578][DEBUG]: DevTools request: http://127.0.0.1:12546/json/version
[2.579][DEBUG]: DevTools request failed
[2.632][DEBUG]: DevTools request: http://127.0.0.1:12546/json/version
libGL error: No matching fbConfigs or visuals found
libGL error: failed to load driver: swrast

(chromium-browser:19486): GConf-WARNING **: Client failed to connect to the D-BUS daemon:
Failed to connect to socket /tmp/dbus-5mzJnL4d1o: Connection refused

(chromium-browser:19486): LIBDBUSMENU-GLIB-WARNING **: Unable to get session bus: Could not connect: Connection refused
[9.184][DEBUG]: DevTools response: {
   "Browser": "Chrome/43.0.2357.130",
   "Protocol-Version": "1.1",
   "User-Agent": "Mozilla/5.0 (X11; Linux x86_64) AppleWebKit/537.36 (KHTML, like Gecko) Ubuntu Chromium/43.0.2357.130 Chrome/43.0.2357.130 Safari/537.36",
   "WebKit-Version": "537.36 (@197431)"
}

[9.184][DEBUG]: DevTools request: http://127.0.0.1:12546/json
[9.271][DEBUG]: DevTools response: [ {
   "description": "",
   "devtoolsFrontendUrl": "/devtools/inspector.html?ws=127.0.0.1:12546/devtools/page/2BCF71EF-4882-4982-8E6A-0507C2B5EAD0",
   "faviconUrl": "chrome://extension-icon/aapnijgdinlhnhlmodcfapnahmbfebeb/24/1",
   "id": "2BCF71EF-4882-4982-8E6A-0507C2B5EAD0",
   "title": "Chrome Automation Extension",
   "type": "background_page",
   "url": "chrome-extension://aapnijgdinlhnhlmodcfapnahmbfebeb/_generated_background_page.html",
   "webSocketDebuggerUrl": "ws://127.0.0.1:12546/devtools/page/2BCF71EF-4882-4982-8E6A-0507C2B5EAD0"
}, {
   "description": "",
   "devtoolsFrontendUrl": "/devtools/inspector.html?ws=127.0.0.1:12546/devtools/page/3B0C3755-C2B0-4675-8AD3-E2E38A0609DD",
   "id": "3B0C3755-C2B0-4675-8AD3-E2E38A0609DD",
   "title": "",
   "type": "page",
   "url": "data:,",
   "webSocketDebuggerUrl": "ws://127.0.0.1:12546/devtools/page/3B0C3755-C2B0-4675-8AD3-E2E38A0609DD"
} ]

[9.271][DEBUG]: DevTools request: http://127.0.0.1:12546/json
[9.307][DEBUG]: DevTools response: [ {
   "description": "",
   "devtoolsFrontendUrl": "/devtools/inspector.html?ws=127.0.0.1:12546/devtools/page/2BCF71EF-4882-4982-8E6A-0507C2B5EAD0",
   "faviconUrl": "chrome://extension-icon/aapnijgdinlhnhlmodcfapnahmbfebeb/24/1",
   "id": "2BCF71EF-4882-4982-8E6A-0507C2B5EAD0",
   "title": "Chrome Automation Extension",
   "type": "background_page",
   "url": "chrome-extension://aapnijgdinlhnhlmodcfapnahmbfebeb/_generated_background_page.html",
   "webSocketDebuggerUrl": "ws://127.0.0.1:12546/devtools/page/2BCF71EF-4882-4982-8E6A-0507C2B5EAD0"
}, {
   "description": "",
   "devtoolsFrontendUrl": "/devtools/inspector.html?ws=127.0.0.1:12546/devtools/page/3B0C3755-C2B0-4675-8AD3-E2E38A0609DD",
   "id": "3B0C3755-C2B0-4675-8AD3-E2E38A0609DD",
   "title": "",
   "type": "page",
   "url": "data:,",
   "webSocketDebuggerUrl": "ws://127.0.0.1:12546/devtools/page/3B0C3755-C2B0-4675-8AD3-E2E38A0609DD"
} ]

[9.400][DEBUG]: DEVTOOLS COMMAND Console.enable (id=1) {

}
[9.401][DEBUG]: DEVTOOLS COMMAND DOM.getDocument (id=2) {

}
[9.401][DEBUG]: DEVTOOLS COMMAND Runtime.enable (id=3) {

}
[9.402][DEBUG]: DEVTOOLS COMMAND Page.enable (id=4) {

}
[9.402][DEBUG]: DEVTOOLS COMMAND Page.enable (id=5) {

}
[10.162][DEBUG]: DEVTOOLS RESPONSE Console.enable (id=1) {

}
[10.163][DEBUG]: DEVTOOLS RESPONSE DOM.getDocument (id=2) {
   "root": {
      "baseURL": "data:,",
      "childNodeCount": 1,
      "children": [ {
         "attributes": [  ],
         "childNodeCount": 2,
         "children": [ {
            "attributes": [  ],
            "childNodeCount": 0,
            "localName": "head",
            "nodeId": 3,
            "nodeName": "HEAD",
            "nodeType": 1,
            "nodeValue": ""
         }, {
            "attributes": [  ],
            "childNodeCount": 1,
            "localName": "body",
            "nodeId": 4,
            "nodeName": "BODY",
            "nodeType": 1,
            "nodeValue": ""
         } ],
         "localName": "html",
         "nodeId": 2,
         "nodeName": "HTML",
         "nodeType": 1,
         "nodeValue": ""
      } ],
      "documentURL": "data:,",
      "localName": "",
      "nodeId": 1,
      "nodeName": "#document",
      "nodeType": 9,
      "nodeValue": "",
      "xmlVersion": ""
   }
}
[10.225][DEBUG]: DEVTOOLS EVENT Runtime.executionContextCreated {
   "context": {
      "frameId": "4.1",
      "id": 1,
      "isPageContext": true,
      "name": "",
      "origin": "://"
   }
}
[10.225][DEBUG]: DEVTOOLS RESPONSE Runtime.enable (id=3) {

}
[10.225][DEBUG]: DEVTOOLS RESPONSE Page.enable (id=4) {

}
[10.225][DEBUG]: DEVTOOLS RESPONSE Page.enable (id=5) {

}
[10.225][DEBUG]: DEVTOOLS COMMAND Page.enable (id=6) {

}
[10.225][DEBUG]: DEVTOOLS EVENT Page.frameResized {

}
[10.240][DEBUG]: DEVTOOLS RESPONSE Page.enable (id=6) {

}
[10.240][DEBUG]: DEVTOOLS COMMAND Runtime.evaluate (id=7) {
   "expression": "(function() { // Copyright (c) 2012 The Chromium Authors. All rights reserved.\n// Use of this source code is governed by a BSD-style license that can be\n// found in the LICENSE file.\n\n/**\n * Enum f...",
   "returnByValue": true
}
[10.291][DEBUG]: DEVTOOLS RESPONSE Runtime.evaluate (id=7) {
   "result": {
      "type": "object",
      "value": {
         "status": 0,
         "value": 1
      }
   },
   "wasThrown": false
}
[10.292][INFO]: RESPONSE InitSession {
   "acceptSslCerts": true,
   "applicationCacheEnabled": false,
   "browserConnectionEnabled": false,
   "browserName": "chrome",
   "chrome": {
      "userDataDir": "/tmp/.org.chromium.Chromium.pXwsQg"
   },
   "cssSelectorsEnabled": true,
   "databaseEnabled": false,
   "handlesAlerts": true,
   "javascriptEnabled": true,
   "locationContextEnabled": true,
   "mobileEmulationEnabled": false,
   "nativeEvents": true,
   "platform": "Linux",
   "rotatable": false,
   "takesHeapSnapshot": true,
   "takesScreenshot": true,
   "version": "43.0.2357.130",
   "webStorageEnabled": true
}
[10.293][INFO]: COMMAND AddCookie {
   "cookie": "",
   "sessionId": "7dc1bf9bcb24aafc3537e925cccb947e"
}
[10.293][INFO]: Waiting for pending navigations...
[10.293][DEBUG]: DEVTOOLS COMMAND DOM.getDocument (id=8) {

}
[10.299][DEBUG]: DEVTOOLS RESPONSE DOM.getDocument (id=8) {
   "root": {
      "baseURL": "data:,",
      "childNodeCount": 1,
      "children": [ {
         "attributes": [  ],
         "childNodeCount": 2,
         "children": [ {
            "attributes": [  ],
            "childNodeCount": 0,
            "localName": "head",
            "nodeId": 7,
            "nodeName": "HEAD",
            "nodeType": 1,
            "nodeValue": ""
         }, {
            "attributes": [  ],
            "childNodeCount": 1,
            "localName": "body",
            "nodeId": 8,
            "nodeName": "BODY",
            "nodeType": 1,
            "nodeValue": ""
         } ],
         "localName": "html",
         "nodeId": 6,
         "nodeName": "HTML",
         "nodeType": 1,
         "nodeValue": ""
      } ],
      "documentURL": "data:,",
      "localName": "",
      "nodeId": 5,
      "nodeName": "#document",
      "nodeType": 9,
      "nodeValue": "",
      "xmlVersion": ""
   }
}
[10.299][DEBUG]: DEVTOOLS COMMAND Runtime.evaluate (id=9) {
   "expression": "var isLoaded = document.readyState == 'complete' ||    document.readyState == 'interactive';if (isLoaded) {  var frame = document.createElement('iframe');  frame.src = 'about:blank';  document.body..."
}
[11.477][DEBUG]: DEVTOOLS EVENT DOM.childNodeCountUpdated {
   "childNodeCount": 2,
   "nodeId": 8
}
[11.477][DEBUG]: DEVTOOLS EVENT Page.frameAttached {
   "frameId": "4.2",
   "parentFrameId": "4.1"
}
[11.477][DEBUG]: DEVTOOLS EVENT Page.frameStartedLoading {
   "frameId": "4.2"
}
[11.477][DEBUG]: DEVTOOLS EVENT Page.frameNavigated {
   "frame": {
      "id": "4.2",
      "loaderId": "4.3",
      "mimeType": "text/html",
      "name": "",
      "parentId": "4.1",
      "securityOrigin": "://",
      "url": "about:blank"
   }
}
[11.477][DEBUG]: DEVTOOLS EVENT Runtime.executionContextCreated {
   "context": {
      "frameId": "4.2",
      "id": 2,
      "isPageContext": true,
      "name": "",
      "origin": "://"
   }
}
[11.477][DEBUG]: DEVTOOLS EVENT Page.frameStoppedLoading {
   "frameId": "4.2"
}
[11.477][DEBUG]: DEVTOOLS RESPONSE Runtime.evaluate (id=9) {
   "result": {
      "description": "1",
      "type": "number",
      "value": 1
   },
   "wasThrown": false
}
[11.477][INFO]: Done waiting for pending navigations
[11.477][INFO]: Waiting for pending navigations...
[11.477][INFO]: Done waiting for pending navigations
[11.477][INFO]: RESPONSE AddCookie unknown error: missing 'cookie'
  (Session info: chrome=43.0.2357.130)
[19486:19506:0805/072526:ERROR:channel.cc(300)] RawChannel read error (connection broken)
